"xenapp_winevents","BD-XA65-01","WinEventLog:Security","WinEventLog:Security","10/12/2012 20:31:47 
LogName=Security
SourceName=Microsoft Windows security auditing.
EventCode=4634
EventType=0
Type=Information
ComputerName=BD-XA65-01.bd.splunk.com
TaskCategory=Logoff
OpCode=Info
RecordNumber=578840
Keywords=Audit Success
Message=An account was logged off.

Subject:
	Security ID:		BD\jconger
	Account Name:		jconger
	Account Domain:		BD
	Logon ID:		0x68d91cb2

Logon Type:			3

This event is generated when a logon session is destroyed. It may be positively correlated with a logon event using the Logon ID value. Logon IDs are only unique between reboots on the same computer.
","2012-10-12T22:31:47.000-0500"
"xenapp_winevents","bd-xa60-01","WinEventLog:Application","WinEventLog:Application","10/12/2012 20:31:55 
LogName=Application
SourceName=vmStatsProvider
EventCode=258
EventType=0
Type=Information
ComputerName=bd-xa60-01.bd.splunk.com
TaskCategory=Guest Library API
OpCode=Info
RecordNumber=89078
Keywords=Classic
Message=The ""vmGuestLibrary"" is successfully initialized for this Virtual Machine.
","2012-10-12T22:31:55.000-0500"
"xenapp_winevents","bd-xa60-01","WinEventLog:Application","WinEventLog:Application","10/12/2012 20:31:55 
LogName=Application
SourceName=vmStatsProvider
EventCode=256
EventType=0
Type=Information
ComputerName=bd-xa60-01.bd.splunk.com
TaskCategory=General
OpCode=Info
RecordNumber=89079
Keywords=Classic
Message=The ""vmStatsProvider"" is successfully initialized for this Virtual Machine. WMI namespace: ""root\cimv2"".
","2012-10-12T22:31:55.000-0500"
"xenapp_winevents","bd-xa60-01","WinEventLog:System","WinEventLog:System","10/12/2012 20:31:55 
LogName=System
SourceName=Microsoft-Windows-Service Control Manager
EventCode=7036
EventType=4
Type=Information
ComputerName=bd-xa60-01.bd.splunk.com
TaskCategory=The operation completed successfully.
OpCode=The operation completed successfully.
RecordNumber=93529
Keywords=Classic
Message=The WMI Performance Adapter service entered the stopped state.
","2012-10-12T22:31:55.000-0500"
"xenapp_winevents","bd-xa60-01","WinEventLog:System","WinEventLog:System","10/12/2012 20:31:55 
LogName=System
SourceName=Microsoft-Windows-Service Control Manager
EventCode=7036
EventType=4
Type=Information
ComputerName=bd-xa60-01.bd.splunk.com
TaskCategory=The operation completed successfully.
OpCode=The operation completed successfully.
RecordNumber=93530
Keywords=Classic
Message=The WMI Performance Adapter service entered the running state.
","2012-10-12T22:31:55.000-0500"
"xenapp_winevents","bd-xa60-01","WinEventLog:Security","WinEventLog:Security","10/12/2012 20:31:55 
LogName=Security
SourceName=Microsoft Windows security auditing.
EventCode=4624
EventType=0
Type=Information
ComputerName=bd-xa60-01.bd.splunk.com
TaskCategory=Logon
OpCode=Info
RecordNumber=221990
Keywords=Audit Success
Message=An account was successfully logged on.

Subject:
	Security ID:		NT AUTHORITY\SYSTEM
	Account Name:		BD-XA60-01$
	Account Domain:		BD
	Logon ID:		0x3e7

Logon Type:			5

New Logon:
	Security ID:		NT AUTHORITY\SYSTEM
	Account Name:		SYSTEM
	Account Domain:		NT AUTHORITY
	Logon ID:		0x3e7
	Logon GUID:		{00000000-0000-0000-0000-000000000000}

Process Information:
	Process ID:		0x37c
	Process Name:		C:\Windows\System32\services.exe

Network Information:
	Workstation Name:	
	Source Network Address:	-
	Source Port:		-

Detailed Authentication Information:
	Logon Process:		Advapi  
	Authentication Package:	Negotiate
	Transited Services:	-
	Package Name (NTLM only):	-
	Key Length:		0

This event is generated when a logon session is created. It is generated on the computer that was accessed.

The subject fields indicate the account on the local system which requested the logon. This is most commonly a service such as the Server service, or a local process such as Winlogon.exe or Services.exe.

The logon type field indicates the kind of logon that occurred. The most common types are 2 (interactive) and 3 (network).

The New Logon fields indicate the account for whom the new logon was created, i.e. the account that was logged on.

The network fields indicate where a remote logon request originated. Workstation name is not always available and may be left blank in some cases.

The authentication information fields provide detailed information about this specific logon request.
	- Logon GUID is a unique identifier that can be used to correlate this event with a KDC event.
	- Transited services indicate which intermediate services have participated in this logon request.
	- Package name indicates which sub-protocol was used among the NTLM protocols.
	- Key length indicates the length of the generated session key. This will be 0 if no session key was requested.
","2012-10-12T22:31:55.000-0500"
"xenapp_winevents","bd-xa60-01","WinEventLog:Security","WinEventLog:Security","10/12/2012 20:31:55 
LogName=Security
SourceName=Microsoft Windows security auditing.
EventCode=4672
EventType=0
Type=Information
ComputerName=bd-xa60-01.bd.splunk.com
TaskCategory=Special Logon
OpCode=Info
RecordNumber=221991
Keywords=Audit Success
Message=Special privileges assigned to new logon.

Subject:
	Security ID:		NT AUTHORITY\SYSTEM
	Account Name:		SYSTEM
	Account Domain:		NT AUTHORITY
	Logon ID:		0x3e7

Privileges:		SeAssignPrimaryTokenPrivilege
			SeTcbPrivilege
			SeSecurityPrivilege
			SeTakeOwnershipPrivilege
			SeLoadDriverPrivilege
			SeBackupPrivilege
			SeRestorePrivilege
			SeDebugPrivilege
			SeAuditPrivilege
			SeSystemEnvironmentPrivilege
			SeImpersonatePrivilege
","2012-10-12T22:31:55.000-0500"
"xenapp_winevents","BD-XA65-04","WinEventLog:Security","WinEventLog:Security","10/12/2012 20:31:58 
LogName=Security
SourceName=Microsoft Windows security auditing.
EventCode=4624
EventType=0
Type=Information
ComputerName=BD-XA65-04.bd.splunk.com
TaskCategory=Logon
OpCode=Info
RecordNumber=58654
Keywords=Audit Success
Message=An account was successfully logged on.

Subject:
	Security ID:		NT AUTHORITY\NETWORK SERVICE
	Account Name:		BD-XA65-04$
	Account Domain:		BD
	Logon ID:		0x3e4

Logon Type:			3

New Logon:
	Security ID:		BD\BD-XA65-04$
	Account Name:		BD-XA65-04$
	Account Domain:		BD
	Logon ID:		0x6c25d9e
	Logon GUID:		{56F99C9E-0203-B945-3217-A3ED5C700A15}

Process Information:
	Process ID:		0xb90
	Process Name:		C:\Program Files (x86)\Citrix\system32\Citrix\Ima\ImaSrv.exe

Network Information:
	Workstation Name:	BD-XA65-04
	Source Network Address:	-
	Source Port:		-

Detailed Authentication Information:
	Logon Process:		IMA
	Authentication Package:	Kerberos
	Transited Services:	-
	Package Name (NTLM only):	-
	Key Length:		0

This event is generated when a logon session is created. It is generated on the computer that was accessed.

The subject fields indicate the account on the local system which requested the logon. This is most commonly a service such as the Server service, or a local process such as Winlogon.exe or Services.exe.

The logon type field indicates the kind of logon that occurred. The most common types are 2 (interactive) and 3 (network).

The New Logon fields indicate the account for whom the new logon was created, i.e. the account that was logged on.

The network fields indicate where a remote logon request originated. Workstation name is not always available and may be left blank in some cases.

The authentication information fields provide detailed information about this specific logon request.
	- Logon GUID is a unique identifier that can be used to correlate this event with a KDC event.
	- Transited services indicate which intermediate services have participated in this logon request.
	- Package name indicates which sub-protocol was used among the NTLM protocols.
	- Key length indicates the length of the generated session key. This will be 0 if no session key was requested.
","2012-10-12T22:31:58.000-0500"
"xenapp_winevents","BD-XA65-04","WinEventLog:Security","WinEventLog:Security","10/12/2012 20:31:58 
LogName=Security
SourceName=Microsoft Windows security auditing.
EventCode=4634
EventType=0
Type=Information
ComputerName=BD-XA65-04.bd.splunk.com
TaskCategory=Logoff
OpCode=Info
RecordNumber=58655
Keywords=Audit Success
Message=An account was logged off.

Subject:
	Security ID:		BD\BD-XA65-04$
	Account Name:		BD-XA65-04$
	Account Domain:		BD
	Logon ID:		0x6c25d9e

Logon Type:			3

This event is generated when a logon session is destroyed. It may be positively correlated with a logon event using the Logon ID value. Logon IDs are only unique between reboots on the same computer.
","2012-10-12T22:31:58.000-0500"
"xenapp_winevents","BD-XA65-01","Windows:PowerShell:getprocess.ps1","WMI:ProcessDetails","10/13/2012 20:32:35  - Name=""armsvc"" Product=""Adobe Acrobat Update Service"" ProductVersion=""1, 5, 7, 0"" Path=""C:\Program Files (x86)\Common Files\Adobe\ARM\1.0\armsvc.exe"" CommandLine=""C:\Program Files (x86)\Common Files\Adobe\ARM\1.0\armsvc.exe"" ScriptRunTime=""129945727532513543""","2012-10-12T22:32:35.000-0500"
"xenapp_winevents","BD-XA65-01","Windows:PowerShell:getprocess.ps1","WMI:ProcessDetails","10/13/2012 20:32:35  - Name=""CdfSvc"" Product=""Citrix Common Diagnostic Facility"" ProductVersion=""5.11"" Path=""C:\Program Files (x86)\Common Files\Citrix\System32\CdfSvc.exe"" CommandLine=""C:\Program Files (x86)\Common Files\Citrix\System32\CdfSvc.exe"" ScriptRunTime=""129945727532513543""","2012-10-12T22:32:35.000-0500"
"xenapp_winevents","BD-XA65-01","Windows:PowerShell:getprocess.ps1","WMI:ProcessDetails","10/13/2012 20:32:35  - Name=""Citrix.XenApp.Commands.Remoting.Service"" Product=""Citrix XenApp"" ProductVersion=""6.5.0.0"" Path=""C:\Program Files\Citrix\XenApp Commands\Citrix.XenApp.Commands.Remoting.Service.exe"" CommandLine=""C:\Program Files\Citrix\XenApp Commands\Citrix.XenApp.Commands.Remoting.Service.exe"" ScriptRunTime=""129945727532513543""","2012-10-12T22:32:35.000-0500"
"xenapp_winevents","BD-XA65-01","Windows:PowerShell:getprocess.ps1","WMI:ProcessDetails","10/13/2012 20:32:35  - Name=""CitrixCseEngine"" Product=""Citrix Group Policy Management"" ProductVersion=""1.5.0.0"" Path=""C:\Program Files\Citrix\Group Policy\Client-Side Extension\CitrixCseEngine.exe"" CommandLine=""C:\Program Files\Citrix\Group Policy\Client-Side Extension\CitrixCseEngine.exe"" ScriptRunTime=""129945727532513543""","2012-10-12T22:32:35.000-0500"
"xenapp_winevents","BD-XA65-01","Windows:PowerShell:getprocess.ps1","WMI:ProcessDetails","10/13/2012 20:32:35  - Name=""concentr"" Product=""Citrix ICA Client"" ProductVersion=""13.1.0"" Path=""C:\Program Files (x86)\Citrix\ICA Client\concentr.exe"" CommandLine=""C:\Program Files (x86)\Citrix\ICA Client\concentr.exe /startup"" ScriptRunTime=""129945727532513543""","2012-10-12T22:32:35.000-0500"
"xenapp_winevents","BD-XA65-01","Windows:PowerShell:getprocess.ps1","WMI:ProcessDetails","10/13/2012 20:32:35  - Name=""conhost"" Product=""Microsoftr Windowsr Operating System"" ProductVersion=""6.1.7600.16385"" Path=""C:\Windows\system32\conhost.exe"" CommandLine=""\??\C:\Windows\system32\conhost.exe -286314748-5899671471042817480-1837832253-18315039035404596551776448460696811949"" ScriptRunTime=""129945727532513543""","2012-10-12T22:32:35.000-0500"
"xenapp_winevents","BD-XA65-01","Windows:PowerShell:getprocess.ps1","WMI:ProcessDetails","10/13/2012 20:32:35  - Name=""CpSvc"" Product=""Citrix ICA Host"" ProductVersion=""6.2"" Path=""C:\Program Files (x86)\Citrix\system32\CpSvc.exe"" CommandLine=""C:\Program Files (x86)\Citrix\system32\CpSvc.exe"" ScriptRunTime=""129945727532513543""","2012-10-12T22:32:35.000-0500"
"xenapp_winevents","BD-XA65-01","Windows:PowerShell:getprocess.ps1","WMI:ProcessDetails","10/13/2012 20:32:35  - Name=""csrss"" Product=""Microsoftr Windowsr Operating System"" ProductVersion=""6.1.7600.16385"" Path=""C:\Windows\system32\csrss.exe"" CommandLine=""%SystemRoot%\system32\csrss.exe ObjectDirectory=\Windows SharedSection=1024,20480,768 Windows=On SubSystemType=Windows ServerDll=basesrv,1 ServerDll=winsrv:UserServerDllInitialization,3 ServerDll=winsrv:ConServerDllInitialization,2 ServerDll=sxssrv,4 ProfileControl=Off MaxRequestThreads=16"" ScriptRunTime=""129945727532513543""","2012-10-12T22:32:35.000-0500"
"xenapp_winevents","BD-XA65-01","Windows:PowerShell:getprocess.ps1","WMI:ProcessDetails","10/13/2012 20:32:35  - Name=""CtxSvcHost"" Product=""Citrix ICA Host"" ProductVersion=""6.2"" Path=""C:\Program Files (x86)\Citrix\System32\CtxSvcHost.exe"" CommandLine=""C:\Program Files (x86)\Citrix\System32\CtxSvcHost.exe -g AudioSvcs"" ScriptRunTime=""129945727532513543""","2012-10-12T22:32:35.000-0500"
"xenapp_winevents","BD-XA65-01","Windows:PowerShell:getprocess.ps1","WMI:ProcessDetails","10/13/2012 20:32:35  - Name=""ctxxmlss"" Product=""Citrix XenApp"" ProductVersion=""6.0"" Path=""C:\Program Files (x86)\Citrix\System32\ctxxmlss.exe"" CommandLine=""C:\Program Files (x86)\Citrix\System32\ctxxmlss.exe"" ScriptRunTime=""129945727532513543""","2012-10-12T22:32:35.000-0500"
"xenapp_winevents","BD-XA65-01","Windows:PowerShell:getprocess.ps1","WMI:ProcessDetails","10/13/2012 20:32:35  - Name=""dllhost"" Product=""Microsoftr Windowsr Operating System"" ProductVersion=""6.1.7600.16385"" Path=""C:\Windows\system32\dllhost.exe"" CommandLine=""C:\Windows\system32\dllhost.exe /Processid:{02D4B3F1-FD88-11D1-960D-00805FC79235}"" ScriptRunTime=""129945727532513543""","2012-10-12T22:32:35.000-0500"
"xenapp_winevents","BD-XA65-01","Windows:PowerShell:getprocess.ps1","WMI:ProcessDetails","10/13/2012 20:32:35  - Name=""dwm"" Product=""Microsoftr Windowsr Operating System"" ProductVersion=""6.1.7600.16385"" Path=""C:\Windows\system32\Dwm.exe"" CommandLine=""C:\Windows\system32\Dwm.exe"" ScriptRunTime=""129945727532513543""","2012-10-12T22:32:35.000-0500"
"xenapp_winevents","BD-XA65-01","Windows:PowerShell:getprocess.ps1","WMI:ProcessDetails","10/13/2012 20:32:35  - Name=""encsvc"" Product=""Citrix ICA Host"" ProductVersion=""6.2"" Path=""C:\Program Files (x86)\Citrix\system32\encsvc.exe"" CommandLine=""C:\Program Files (x86)\Citrix\system32\encsvc.exe"" ScriptRunTime=""129945727532513543""","2012-10-12T22:32:35.000-0500"
"xenapp_winevents","BD-XA65-01","Windows:PowerShell:getprocess.ps1","WMI:ProcessDetails","10/13/2012 20:32:36  - Name=""explorer"" Product=""Microsoftr Windowsr Operating System"" ProductVersion=""6.1.7600.16385"" Path=""C:\Windows\Explorer.EXE"" CommandLine=""C:\Windows\Explorer.EXE"" ScriptRunTime=""129945727532513543""","2012-10-12T22:32:36.000-0500"
"xenapp_winevents","BD-XA65-01","Windows:PowerShell:getprocess.ps1","WMI:ProcessDetails","10/13/2012 20:32:36  - Name=""HCAService"" Product=""Citrix XenApp"" ProductVersion=""6.0.0.6682"" Path=""C:\Program Files (x86)\Citrix\HealthMon\HCAService.exe"" CommandLine=""C:\Program Files (x86)\Citrix\HealthMon\HCAService.exe"" ScriptRunTime=""129945727532513543""","2012-10-12T22:32:36.000-0500"
"xenapp_winevents","BD-XA65-01","Windows:PowerShell:getprocess.ps1","WMI:ProcessDetails","10/13/2012 20:32:36  - Name=""Idle"" Product="""" ProductVersion="""" Path="""" CommandLine="""" ScriptRunTime=""129945727532513543""","2012-10-12T22:32:36.000-0500"
"xenapp_winevents","BD-XA65-01","Windows:PowerShell:getprocess.ps1","WMI:ProcessDetails","10/13/2012 20:32:36  - Name=""IMAAdvanceSrv"" Product=""Citrix XenApp"" ProductVersion=""6.5"" Path=""C:\Program Files (x86)\Citrix\System32\Citrix\Ima\IMAAdvanceSrv.exe"" CommandLine=""C:\Program Files (x86)\Citrix\System32\Citrix\Ima\IMAAdvanceSrv.exe"" ScriptRunTime=""129945727532513543""","2012-10-12T22:32:36.000-0500"
"xenapp_winevents","BD-XA65-01","Windows:PowerShell:getprocess.ps1","WMI:ProcessDetails","10/13/2012 20:32:36  - Name=""ImaSrv"" Product=""Citrix Independent Management Architecture"" ProductVersion=""6.5"" Path=""C:\Program Files (x86)\Citrix\System32\Citrix\Ima\ImaSrv.exe"" CommandLine=""C:\Program Files (x86)\Citrix\System32\Citrix\Ima\ImaSrv.exe"" ScriptRunTime=""129945727532513543""","2012-10-12T22:32:36.000-0500"
"xenapp_winevents","BD-XA65-01","Windows:PowerShell:getprocess.ps1","WMI:ProcessDetails","10/13/2012 20:32:36  - Name=""inetinfo"" Product=""Internet Information Services"" ProductVersion=""7.5.7600.16385"" Path=""C:\Windows\system32\inetsrv\inetinfo.exe"" CommandLine=""C:\Windows\system32\inetsrv\inetinfo.exe"" ScriptRunTime=""129945727532513543""","2012-10-12T22:32:36.000-0500"
"xenapp_winevents","BD-XA65-01","Windows:PowerShell:getprocess.ps1","WMI:ProcessDetails","10/13/2012 20:32:36  - Name=""jusched"" Product=""Java(TM) Platform SE Auto Updater 2 0"" ProductVersion=""2.0.7.1"" Path=""C:\Program Files (x86)\Common Files\Java\Java Update\jusched.exe"" CommandLine=""C:\Program Files (x86)\Common Files\Java\Java Update\jusched.exe "" ScriptRunTime=""129945727532513543""","2012-10-12T22:32:36.000-0500"
"xenapp_winevents","BD-XA65-01","Windows:PowerShell:getprocess.ps1","WMI:ProcessDetails","10/13/2012 20:32:36  - Name=""LogonUI"" Product=""Microsoftr Windowsr Operating System"" ProductVersion=""6.1.7601.17514"" Path=""C:\Windows\system32\LogonUI.exe"" CommandLine=""LogonUI.exe /flags:0x0"" ScriptRunTime=""129945727532513543""","2012-10-12T22:32:36.000-0500"
"xenapp_winevents","BD-XA65-01","Windows:PowerShell:getprocess.ps1","WMI:ProcessDetails","10/13/2012 20:32:36  - Name=""lsass"" Product=""Microsoftr Windowsr Operating System"" ProductVersion=""6.1.7601.17725"" Path=""C:\Windows\system32\lsass.exe"" CommandLine=""C:\Windows\system32\lsass.exe"" ScriptRunTime=""129945727532513543""","2012-10-12T22:32:36.000-0500"
"xenapp_winevents","BD-XA65-01","Windows:PowerShell:getprocess.ps1","WMI:ProcessDetails","10/13/2012 20:32:36  - Name=""lsm"" Product=""Microsoftr Windowsr Operating System"" ProductVersion=""6.1.7600.16385"" Path=""C:\Windows\system32\lsm.exe"" CommandLine=""C:\Windows\system32\lsm.exe"" ScriptRunTime=""129945727532513543""","2012-10-12T22:32:36.000-0500"
"xenapp_winevents","BD-XA65-01","Windows:PowerShell:getprocess.ps1","WMI:ProcessDetails","10/13/2012 20:32:36  - Name=""mfcom"" Product=""Citrix XenApp"" ProductVersion=""6.0"" Path=""C:\PROGRA~2\Citrix\System32\mfcom.exe"" CommandLine=""C:\PROGRA~2\Citrix\System32\mfcom.exe"" ScriptRunTime=""129945727532513543""","2012-10-12T22:32:36.000-0500"
"xenapp_winevents","BD-XA65-01","Windows:PowerShell:getprocess.ps1","WMI:ProcessDetails","10/13/2012 20:32:36  - Name=""mmc"" Product=""Microsoftr Windowsr Operating System"" ProductVersion=""6.1.7600.16385"" Path=""C:\Windows\SysWOW64\mmc.exe"" CommandLine=""c:\windows\system32\tsmmc.msc c:\windows\system32\tsmmc.msc"" ScriptRunTime=""129945727532513543""","2012-10-12T22:32:36.000-0500"
"xenapp_winevents","BD-XA65-01","Windows:PowerShell:getprocess.ps1","WMI:ProcessDetails","10/13/2012 20:32:36  - Name=""msdtc"" Product=""Microsoftr Windowsr Operating System"" ProductVersion=""6.1.7600.16385"" Path=""C:\Windows\System32\msdtc.exe"" CommandLine=""C:\Windows\System32\msdtc.exe"" ScriptRunTime=""129945727532513543""","2012-10-12T22:32:36.000-0500"
"xenapp_winevents","BD-XA65-01","Windows:PowerShell:getprocess.ps1","WMI:ProcessDetails","10/13/2012 20:32:36  - Name=""mstsc"" Product=""Microsoftr Windowsr Operating System"" ProductVersion=""6.1.7601.17514"" Path=""C:\Windows\system32\mstsc.exe"" CommandLine=""C:\Windows\system32\mstsc.exe "" ScriptRunTime=""129945727532513543""","2012-10-12T22:32:36.000-0500"
"xenapp_winevents","BD-XA65-01","Windows:PowerShell:getprocess.ps1","WMI:ProcessDetails","10/13/2012 20:32:36  - Name=""OSPPSVC"" Product=""Microsoftr Office"" ProductVersion=""14.0.0370.400"" Path=""C:\Program Files\Common Files\Microsoft Shared\OfficeSoftwareProtectionPlatform\OSPPSVC.EXE"" CommandLine=""C:\Program Files\Common Files\Microsoft Shared\OfficeSoftwareProtectionPlatform\OSPPSVC.EXE"" ScriptRunTime=""129945727532513543""","2012-10-12T22:32:36.000-0500"
"xenapp_winevents","BD-XA65-01","Windows:PowerShell:getprocess.ps1","WMI:ProcessDetails","10/13/2012 20:32:36  - Name=""pnamain"" Product=""Citrix ICA Client"" ProductVersion=""13.1.0"" Path=""C:\Program Files (x86)\Citrix\ICA Client\PNAMain.exe"" CommandLine=""C:\Program Files (x86)\Citrix\ICA Client\PNAMain.exe  /startup "" ScriptRunTime=""129945727532513543""","2012-10-12T22:32:36.000-0500"
"xenapp_winevents","BD-XA65-01","Windows:PowerShell:getprocess.ps1","WMI:ProcessDetails","10/13/2012 20:32:36  - Name=""PowerSE"" Product="""" ProductVersion="""" Path=""C:\Program Files (x86)\Devfarm Software\PowerSE\PowerSE.exe"" CommandLine=""C:\Program Files (x86)\Devfarm Software\PowerSE\PowerSE.exe "" ScriptRunTime=""129945727532513543""","2012-10-12T22:32:36.000-0500"
"xenapp_winevents","BD-XA65-01","Windows:PowerShell:getprocess.ps1","WMI:ProcessDetails","10/13/2012 20:32:36  - Name=""powershell"" Product=""Microsoftr Windowsr Operating System"" ProductVersion=""6.1.7600.16385"" Path=""C:\WINDOWS\system32\WindowsPowerShell\v1.0\powershell.exe"" CommandLine=""C:\WINDOWS\system32\WindowsPowerShell\v1.0\powershell.exe "" ScriptRunTime=""129945727532513543""","2012-10-12T22:32:36.000-0500"
"xenapp_winevents","BD-XA65-01","Windows:PowerShell:getprocess.ps1","WMI:ProcessDetails","10/13/2012 20:32:37  - Name=""RadeHlprSvc"" Product=""Citrix Offline Plug-in"" ProductVersion=""6.5"" Path=""C:\Program Files (x86)\Citrix\Streaming Client\RadeHlprSvc.exe"" CommandLine=""C:\Program Files (x86)\Citrix\Streaming Client\RadeHlprSvc.exe"" ScriptRunTime=""129945727532513543""","2012-10-12T22:32:37.000-0500"
"xenapp_winevents","BD-XA65-01","Windows:PowerShell:getprocess.ps1","WMI:ProcessDetails","10/13/2012 20:32:37  - Name=""RadeObj"" Product=""Citrix Offline Plug-in"" ProductVersion=""6.5"" Path=""C:\Program Files (x86)\Citrix\Streaming Client\RadeObj.exe"" CommandLine=""C:\Program Files (x86)\Citrix\Streaming Client\RadeObj.exe"" ScriptRunTime=""129945727532513543""","2012-10-12T22:32:37.000-0500"
"xenapp_winevents","BD-XA65-01","Windows:PowerShell:getprocess.ps1","WMI:ProcessDetails","10/13/2012 20:32:37  - Name=""RadeSvc"" Product=""Citrix Offline Plug-in"" ProductVersion=""6.5"" Path=""C:\Program Files (x86)\Citrix\Streaming Client\RadeSvc.exe"" CommandLine=""C:\Program Files (x86)\Citrix\Streaming Client\RadeSvc.exe"" ScriptRunTime=""129945727532513543""","2012-10-12T22:32:37.000-0500"
"xenapp_winevents","BD-XA65-01","Windows:PowerShell:getprocess.ps1","WMI:ProcessDetails","10/13/2012 20:32:37  - Name=""Receiver"" Product=""Citrix Receiver"" ProductVersion=""3, 1, 0, 64091"" Path=""C:\Program Files (x86)\Citrix\ICA Client\Receiver\Receiver.exe"" CommandLine=""C:\Program Files (x86)\Citrix\ICA Client\Receiver\Receiver.exe -autoupdate -startplugins"" ScriptRunTime=""129945727532513543""","2012-10-12T22:32:37.000-0500"
"xenapp_winevents","BD-XA65-01","Windows:PowerShell:getprocess.ps1","WMI:ProcessDetails","10/13/2012 20:32:37  - Name=""rundll32"" Product=""Microsoftr Windowsr Operating System"" ProductVersion=""6.1.7600.16385"" Path=""C:\Windows\System32\rundll32.exe"" CommandLine=""C:\Windows\System32\rundll32.exe shell32.dll,SHCreateLocalServerRunDll {995C996E-D918-4a8c-A302-45719A6F4EA7} -Embedding"" ScriptRunTime=""129945727532513543""","2012-10-12T22:32:37.000-0500"
"xenapp_winevents","BD-XA65-01","Windows:PowerShell:getprocess.ps1","WMI:ProcessDetails","10/13/2012 20:32:37  - Name=""ServerManagerLauncher"" Product=""Microsoftr Windowsr Operating System"" ProductVersion=""6.1.7600.16385"" Path=""C:\Windows\system32\ServerManagerLauncher.exe"" CommandLine=""C:\Windows\system32\ServerManagerLauncher.exe "" ScriptRunTime=""129945727532513543""","2012-10-12T22:32:37.000-0500"
"xenapp_winevents","BD-XA65-01","Windows:PowerShell:getprocess.ps1","WMI:ProcessDetails","10/13/2012 20:32:37  - Name=""services"" Product=""Microsoftr Windowsr Operating System"" ProductVersion=""6.1.7600.16385"" Path=""C:\Windows\system32\services.exe"" CommandLine=""C:\Windows\system32\services.exe"" ScriptRunTime=""129945727532513543""","2012-10-12T22:32:37.000-0500"
"xenapp_winevents","BD-XA65-01","Windows:PowerShell:getprocess.ps1","WMI:ProcessDetails","10/13/2012 20:32:37  - Name=""smss"" Product=""Microsoftr Windowsr Operating System"" ProductVersion=""6.1.7600.16385"" Path=""C:\Windows\system32\smss.exe"" CommandLine=""\SystemRoot\System32\smss.exe"" ScriptRunTime=""129945727532513543""","2012-10-12T22:32:37.000-0500"
"xenapp_winevents","BD-XA65-01","Windows:PowerShell:getprocess.ps1","WMI:ProcessDetails","10/13/2012 20:32:37  - Name=""SMSvcHost"" Product=""Microsoftr .NET Framework"" ProductVersion=""4.0.30319.1"" Path=""C:\Windows\Microsoft.NET\Framework64\v4.0.30319\SMSvcHost.exe"" CommandLine=""C:\Windows\Microsoft.NET\Framework64\v4.0.30319\SMSvcHost.exe"" ScriptRunTime=""129945727532513543""","2012-10-12T22:32:37.000-0500"
"xenapp_winevents","BD-XA65-01","Windows:PowerShell:getprocess.ps1","WMI:ProcessDetails","10/13/2012 20:32:37  - Name=""splunkd"" Product="""" ProductVersion="""" Path=""C:\Program Files\SplunkUniversalForwarder\bin\splunkd.exe"" CommandLine=""C:\Program Files\SplunkUniversalForwarder\bin\splunkd.exe service"" ScriptRunTime=""129945727532513543""","2012-10-12T22:32:37.000-0500"
"xenapp_winevents","BD-XA65-01","Windows:PowerShell:getprocess.ps1","WMI:ProcessDetails","10/13/2012 20:32:37  - Name=""splunk-perfmon"" Product="""" ProductVersion="""" Path=""C:\Program Files\SplunkUniversalForwarder\bin\splunk-perfmon.exe"" CommandLine=""C:\Program Files\SplunkUniversalForwarder\bin\splunk-perfmon.exe -index xenapp_perfmon"" ScriptRunTime=""129945727532513543""","2012-10-12T22:32:37.000-0500"
"xenapp_winevents","BD-XA65-01","Windows:PowerShell:getprocess.ps1","WMI:ProcessDetails","10/13/2012 20:32:37  - Name=""splunk-wmi"" Product="""" ProductVersion="""" Path=""C:\Program Files\SplunkUniversalForwarder\bin\splunk-wmi.exe"" CommandLine=""C:\Program Files\SplunkUniversalForwarder\bin\splunk-wmi.exe -index xenapp_winevents"" ScriptRunTime=""129945727532513543""","2012-10-12T22:32:37.000-0500"
"xenapp_winevents","BD-XA65-01","Windows:PowerShell:getprocess.ps1","WMI:ProcessDetails","10/13/2012 20:32:37  - Name=""spoolsv"" Product=""Microsoftr Windowsr Operating System"" ProductVersion=""6.1.7600.16385"" Path=""C:\Windows\System32\spoolsv.exe"" CommandLine=""C:\Windows\System32\spoolsv.exe"" ScriptRunTime=""129945727532513543""","2012-10-12T22:32:37.000-0500"
"xenapp_winevents","BD-XA65-01","Windows:PowerShell:getprocess.ps1","WMI:ProcessDetails","10/13/2012 20:32:37  - Name=""svchost"" Product=""Microsoftr Windowsr Operating System"" ProductVersion=""6.1.7600.16385"" Path=""C:\Windows\System32\svchost.exe"" CommandLine=""C:\Windows\system32\svchost.exe -k DcomLaunch"" ScriptRunTime=""129945727532513543""","2012-10-12T22:32:37.000-0500"
"xenapp_winevents","BD-XA65-01","Windows:PowerShell:getprocess.ps1","WMI:ProcessDetails","10/13/2012 20:32:37  - Name=""System"" Product="""" ProductVersion="""" Path="""" CommandLine="""" ScriptRunTime=""129945727532513543""","2012-10-12T22:32:37.000-0500"
"xenapp_winevents","BD-XA65-01","Windows:PowerShell:getprocess.ps1","WMI:ProcessDetails","10/13/2012 20:32:37  - Name=""taskhost"" Product=""Microsoftr Windowsr Operating System"" ProductVersion=""6.1.7600.16385"" Path=""C:\Windows\system32\taskhost.exe"" CommandLine=""taskhost.exe"" ScriptRunTime=""129945727532513543""","2012-10-12T22:32:37.000-0500"
"xenapp_winevents","BD-XA65-01","Windows:PowerShell:getprocess.ps1","WMI:ProcessDetails","10/13/2012 20:32:37  - Name=""vmtoolsd"" Product=""VMware Tools"" ProductVersion=""8.6.0 build-425873"" Path=""C:\Program Files\VMware\VMware Tools\vmtoolsd.exe"" CommandLine=""C:\Program Files\VMware\VMware Tools\vmtoolsd.exe"" ScriptRunTime=""129945727532513543""","2012-10-12T22:32:37.000-0500"
"xenapp_winevents","BD-XA65-01","Windows:PowerShell:getprocess.ps1","WMI:ProcessDetails","10/13/2012 20:32:37  - Name=""VMwareTray"" Product=""VMware Tools"" ProductVersion=""8.6.0 build-425873"" Path=""C:\Program Files\VMware\VMware Tools\VMwareTray.exe"" CommandLine=""C:\Program Files\VMware\VMware Tools\VMwareTray.exe "" ScriptRunTime=""129945727532513543""","2012-10-12T22:32:37.000-0500"
"xenapp_winevents","BD-XA65-01","Windows:PowerShell:getprocess.ps1","WMI:ProcessDetails","10/13/2012 20:32:37  - Name=""vmware-usbarbitrator"" Product=""VMware USB Arbitration Service"" ProductVersion=""e.x.p build-466592"" Path=""C:\Program Files (x86)\Common Files\VMware\USB\vmware-usbarbitrator.exe"" CommandLine=""C:\Program Files (x86)\Common Files\VMware\USB\vmware-usbarbitrator.exe"" ScriptRunTime=""129945727532513543""","2012-10-12T22:32:37.000-0500"
"xenapp_winevents","BD-XA65-01","Windows:PowerShell:getprocess.ps1","WMI:ProcessDetails","10/13/2012 20:32:37  - Name=""vmware-vmrc"" Product=""VMware Remote Console"" ProductVersion=""e.x.p build-602215"" Path=""C:\Program Files (x86)\Common Files\VMware\VMware VMRC Plug-in\Internet Explorer\vmware-vmrc.exe"" CommandLine=""C:\Program Files (x86)\Common Files\VMware\VMware VMRC Plug-in\Internet Explorer\vmware-vmrc.exe --parent-PID 7304 --instance-ID vmrc-ax-p-{84D3B128-1E72-477E-9A71-3DD391C6E0FD} --ui-mode 1 --message-mode 1 "" ScriptRunTime=""129945727532513543""","2012-10-12T22:32:37.000-0500"
"xenapp_winevents","BD-XA65-01","Windows:PowerShell:getprocess.ps1","WMI:ProcessDetails","10/13/2012 20:32:37  - Name=""VpxClient"" Product=""vSphere Client"" ProductVersion=""5.0.0.29542"" Path=""C:\Program Files (x86)\VMware\Infrastructure\Virtual Infrastructure Client\Launcher\VpxClient.exe"" CommandLine=""C:\Program Files (x86)\VMware\Infrastructure\Virtual Infrastructure Client\Launcher\VpxClient.exe"" ScriptRunTime=""129945727532513543""","2012-10-12T22:32:37.000-0500"
"xenapp_winevents","BD-XA65-01","Windows:PowerShell:getprocess.ps1","WMI:ProcessDetails","10/13/2012 20:32:37  - Name=""wfcrun32"" Product=""Citrix ICA Client"" ProductVersion=""13.1.0"" Path=""C:\Program Files (x86)\Citrix\ICA Client\wfcrun32.exe"" CommandLine=""C:\Program Files (x86)\Citrix\ICA Client\wfcrun32.exe -Embedding"" ScriptRunTime=""129945727532513543""","2012-10-12T22:32:37.000-0500"
"xenapp_winevents","BD-XA65-01","Windows:PowerShell:getprocess.ps1","WMI:ProcessDetails","10/13/2012 20:32:38  - Name=""wfshell"" Product=""Citrix ICA Host"" ProductVersion=""6.2"" Path=""C:\Program Files (x86)\Citrix\System32\wfshell.exe"" CommandLine=""C:\Program Files (x86)\Citrix\System32\wfshell.exe"" ScriptRunTime=""129945727532513543""","2012-10-12T22:32:38.000-0500"
"xenapp_winevents","BD-XA65-01","Windows:PowerShell:getprocess.ps1","WMI:ProcessDetails","10/13/2012 20:32:38  - Name=""wininit"" Product=""Microsoftr Windowsr Operating System"" ProductVersion=""6.1.7600.16385"" Path=""C:\Windows\system32\wininit.exe"" CommandLine=""wininit.exe"" ScriptRunTime=""129945727532513543""","2012-10-12T22:32:38.000-0500"
"xenapp_winevents","BD-XA65-01","Windows:PowerShell:getprocess.ps1","WMI:ProcessDetails","10/13/2012 20:32:38  - Name=""winlogon"" Product=""Microsoftr Windowsr Operating System"" ProductVersion=""6.1.7601.17514"" Path=""C:\Windows\system32\winlogon.exe"" CommandLine=""winlogon.exe"" ScriptRunTime=""129945727532513543""","2012-10-12T22:32:38.000-0500"
"xenapp_winevents","BD-XA65-01","Windows:PowerShell:getprocess.ps1","WMI:ProcessDetails","10/13/2012 20:32:38  - Name=""WmiApSrv"" Product=""Microsoftr Windowsr Operating System"" ProductVersion=""6.1.7600.16385"" Path=""C:\Windows\system32\wbem\WmiApSrv.exe"" CommandLine=""C:\Windows\system32\wbem\WmiApSrv.exe"" ScriptRunTime=""129945727532513543""","2012-10-12T22:32:38.000-0500"
"xenapp_winevents","BD-XA65-01","Windows:PowerShell:getprocess.ps1","WMI:ProcessDetails","10/13/2012 20:32:38  - Name=""WmiPrvSE"" Product=""Microsoftr Windowsr Operating System"" ProductVersion=""6.1.7601.17514"" Path=""C:\Windows\system32\wbem\wmiprvse.exe"" CommandLine=""C:\Windows\system32\wbem\wmiprvse.exe"" ScriptRunTime=""129945727532513543""","2012-10-12T22:32:38.000-0500"
"xenapp_winevents","BD-XA65-01","Windows:PowerShell:getprocess.ps1","WMI:ProcessDetails","10/13/2012 20:32:38  - Name=""XenCenterMain"" Product=""XenCenter"" ProductVersion=""13709"" Path=""C:\Program Files (x86)\Citrix\XenCenter\XenCenterMain.exe"" CommandLine=""C:\Program Files (x86)\Citrix\XenCenter\XenCenter.exe"" ScriptRunTime=""129945727532513543""","2012-10-12T22:32:38.000-0500"
"xenapp_winevents","BD-XA65-01","Windows:PowerShell:getprocess.ps1","WMI:ProcessDetails","10/13/2012 20:32:38  - Name=""XTE"" Product=""Citrix Gateway Core Service"" ProductVersion=""6.0.0"" Path=""C:\Program Files (x86)\Citrix\XTE\bin\XTE.exe"" CommandLine=""C:\Program Files (x86)\Citrix\XTE\bin\XTE.exe -k runservice -n CitrixXTEServer -f conf/httpd.conf"" ScriptRunTime=""129945727532513543""","2012-10-12T22:32:38.000-0500"
"xenapp_winevents","BD-XA65-03","WinEventLog:System","WinEventLog:System","10/12/2012 20:33:05 
LogName=System
SourceName=Microsoft-Windows-Service Control Manager
EventCode=7036
EventType=4
Type=Information
ComputerName=BD-XA65-03.bd.splunk.com
TaskCategory=The operation completed successfully.
OpCode=The operation completed successfully.
RecordNumber=31575
Keywords=Classic
Message=The WMI Performance Adapter service entered the stopped state.
","2012-10-12T22:33:05.000-0500"
"xenapp_winevents","BD-XA65-03","WinEventLog:System","WinEventLog:System","10/12/2012 20:33:06 
LogName=System
SourceName=Microsoft-Windows-Service Control Manager
EventCode=7036
EventType=4
Type=Information
ComputerName=BD-XA65-03.bd.splunk.com
TaskCategory=The operation completed successfully.
OpCode=The operation completed successfully.
RecordNumber=31576
Keywords=Classic
Message=The WMI Performance Adapter service entered the running state.
","2012-10-12T22:33:06.000-0500"
"xenapp_winevents","BD-XA65-03","WinEventLog:Security","WinEventLog:Security","10/12/2012 20:33:06 
LogName=Security
SourceName=Microsoft Windows security auditing.
EventCode=4624
EventType=0
Type=Information
ComputerName=BD-XA65-03.bd.splunk.com
TaskCategory=Logon
OpCode=Info
RecordNumber=59557
Keywords=Audit Success
Message=An account was successfully logged on.

Subject:
	Security ID:		NT AUTHORITY\SYSTEM
	Account Name:		BD-XA65-03$
	Account Domain:		BD
	Logon ID:		0x3e7

Logon Type:			5

New Logon:
	Security ID:		NT AUTHORITY\SYSTEM
	Account Name:		SYSTEM
	Account Domain:		NT AUTHORITY
	Logon ID:		0x3e7
	Logon GUID:		{00000000-0000-0000-0000-000000000000}

Process Information:
	Process ID:		0x35c
	Process Name:		C:\Windows\System32\services.exe

Network Information:
	Workstation Name:	
	Source Network Address:	-
	Source Port:		-

Detailed Authentication Information:
	Logon Process:		Advapi  
	Authentication Package:	Negotiate
	Transited Services:	-
	Package Name (NTLM only):	-
	Key Length:		0

This event is generated when a logon session is created. It is generated on the computer that was accessed.

The subject fields indicate the account on the local system which requested the logon. This is most commonly a service such as the Server service, or a local process such as Winlogon.exe or Services.exe.

The logon type field indicates the kind of logon that occurred. The most common types are 2 (interactive) and 3 (network).

The New Logon fields indicate the account for whom the new logon was created, i.e. the account that was logged on.

The network fields indicate where a remote logon request originated. Workstation name is not always available and may be left blank in some cases.

The authentication information fields provide detailed information about this specific logon request.
	- Logon GUID is a unique identifier that can be used to correlate this event with a KDC event.
	- Transited services indicate which intermediate services have participated in this logon request.
	- Package name indicates which sub-protocol was used among the NTLM protocols.
	- Key length indicates the length of the generated session key. This will be 0 if no session key was requested.
","2012-10-12T22:33:06.000-0500"
